#
# There is insufficient memory for the Java Runtime Environment to continue.
# Native memory allocation (mmap) failed to map 117440512 bytes for committing reserved memory.
# Possible reasons:
#   The system is out of physical RAM or swap space
#   In 32 bit mode, the process size limit was hit
# Possible solutions:
#   Reduce memory load on the system
#   Increase physical memory or swap space
#   Check if swap backing store is full
#   Use 64 bit Java on a 64 bit OS
#   Decrease Java heap size (-Xmx/-Xms)
#   Decrease number of Java threads
#   Decrease Java thread stack sizes (-Xss)
#   Set larger code cache with -XX:ReservedCodeCacheSize=
# This output file may be truncated or incomplete.
#
#  Out of Memory Error (os_linux.cpp:2627), pid=9764, tid=140701590456064
#
# JRE version: Java(TM) SE Runtime Environment (8.0_60-b27) (build 1.8.0_60-b27)
# Java VM: Java HotSpot(TM) 64-Bit Server VM (25.60-b23 mixed mode linux-amd64 compressed oops)
# Failed to write core dump. Core dumps have been disabled. To enable core dumping, try "ulimit -c unlimited" before starting Java again
#

---------------  T H R E A D  ---------------

Current thread (0x00007ff7bc142800):  VMThread [stack: 0x00007ff7a4418000,0x00007ff7a4519000] [id=9774]

Stack: [0x00007ff7a4418000,0x00007ff7a4519000],  sp=0x00007ff7a4517320,  free space=1020k
Native frames: (J=compiled Java code, j=interpreted, Vv=VM code, C=native code)
V  [libjvm.so+0xab97ea]  VMError::report_and_die()+0x2ba
V  [libjvm.so+0x4f9dab]  report_vm_out_of_memory(char const*, int, unsigned long, VMErrorType, char const*)+0x8b
V  [libjvm.so+0x91a7c3]  os::Linux::commit_memory_impl(char*, unsigned long, bool)+0x103
V  [libjvm.so+0x91ad19]  os::pd_commit_memory(char*, unsigned long, unsigned long, bool)+0x29
V  [libjvm.so+0x91502a]  os::commit_memory(char*, unsigned long, unsigned long, bool)+0x2a
V  [libjvm.so+0x9886d3]  PSVirtualSpace::expand_by(unsigned long)+0x53
V  [libjvm.so+0x989ad8]  PSYoungGen::resize_generation(unsigned long, unsigned long)+0xf8
V  [libjvm.so+0x988c32]  PSYoungGen::resize(unsigned long, unsigned long)+0x22
V  [libjvm.so+0x985f0b]  PSScavenge::invoke_no_policy()+0xf3b
V  [libjvm.so+0x986691]  PSScavenge::invoke()+0x41
V  [libjvm.so+0x93e430]  ParallelScavengeHeap::failed_mem_allocate(unsigned long)+0x70
V  [libjvm.so+0xabb207]  VM_ParallelGCFailedAllocation::doit()+0x97
V  [libjvm.so+0xac2c35]  VM_Operation::evaluate()+0x55
V  [libjvm.so+0xac100a]  VMThread::evaluate_operation(VM_Operation*)+0xba
V  [libjvm.so+0xac138e]  VMThread::loop()+0x1ce
V  [libjvm.so+0xac1800]  VMThread::run()+0x70
V  [libjvm.so+0x91cb88]  java_start(Thread*)+0x108

VM_Operation (0x00007ff7c2dc0250): ParallelGCFailedAllocation, mode: safepoint, requested by thread 0x00007ff7bc00d000


---------------  P R O C E S S  ---------------

Java Threads: ( => current thread )
  0x00007ff7bc1de800 JavaThread "Service Thread" daemon [_thread_blocked, id=9781, stack(0x00007ff79eab5000,0x00007ff79ebb6000)]
  0x00007ff7bc1c1000 JavaThread "C1 CompilerThread2" daemon [_thread_blocked, id=9780, stack(0x00007ff79ebb6000,0x00007ff79ecb7000)]
  0x00007ff7bc1bf000 JavaThread "C2 CompilerThread1" daemon [_thread_blocked, id=9779, stack(0x00007ff79ecb7000,0x00007ff79edb8000)]
  0x00007ff7bc1b6800 JavaThread "C2 CompilerThread0" daemon [_thread_blocked, id=9778, stack(0x00007ff7a4014000,0x00007ff7a4115000)]
  0x00007ff7bc183000 JavaThread "Signal Dispatcher" daemon [_thread_blocked, id=9777, stack(0x00007ff7a4115000,0x00007ff7a4216000)]
  0x00007ff7bc149800 JavaThread "Finalizer" daemon [_thread_blocked, id=9776, stack(0x00007ff7a4216000,0x00007ff7a4317000)]
  0x00007ff7bc147800 JavaThread "Reference Handler" daemon [_thread_blocked, id=9775, stack(0x00007ff7a4317000,0x00007ff7a4418000)]
  0x00007ff7bc00d000 JavaThread "main" [_thread_blocked, id=9769, stack(0x00007ff7c2cc1000,0x00007ff7c2dc2000)]

Other Threads:
=>0x00007ff7bc142800 VMThread [stack: 0x00007ff7a4418000,0x00007ff7a4519000] [id=9774]
  0x00007ff7bc1e3800 WatcherThread [stack: 0x00007ff79e9b4000,0x00007ff79eab5000] [id=9782]

VM state:at safepoint (normal execution)

VM Mutex/Monitor currently owned by a thread:  ([mutex/lock_event])
[0x00007ff7bc0097a0] Threads_lock - owner thread: 0x00007ff7bc142800
[0x00007ff7bc009ca0] Heap_lock - owner thread: 0x00007ff7bc00d000

Heap:
 PSYoungGen      total 210432K, used 14473K [0x00000000eab00000, 0x00000000f9000000, 0x0000000100000000)
  eden space 189440K, 0% used [0x00000000eab00000,0x00000000eab00000,0x00000000f6400000)
  from space 20992K, 68% used [0x00000000f6400000,0x00000000f7222540,0x00000000f7880000)
  to   space 17920K, 0% used [0x00000000f7880000,0x00000000f7880000,0x00000000f8a00000)
 ParOldGen       total 62976K, used 35731K [0x00000000c0000000, 0x00000000c3d80000, 0x00000000eab00000)
  object space 62976K, 56% used [0x00000000c0000000,0x00000000c22e4ce0,0x00000000c3d80000)
 Metaspace       used 7352K, capacity 7778K, committed 7936K, reserved 1056768K
  class space    used 711K, capacity 721K, committed 768K, reserved 1048576K

Card table byte_map: [0x00007ff7ac617000,0x00007ff7ac818000] byte_map_base: 0x00007ff7ac017000

Marking Bits: (ParMarkBitMap*) 0x00007ff7c2192de0
 Begin Bits: [0x00007ff7a6000000, 0x00007ff7a7000000)
 End Bits:   [0x00007ff7a7000000, 0x00007ff7a8000000)

Polling page: 0x00007ff7c2de0000

CodeCache: size=245760Kb used=8074Kb max_used=8095Kb free=237685Kb
 bounds [0x00007ff7acbd8000, 0x00007ff7ad3d8000, 0x00007ff7bbbd8000]
 total_blobs=2629 nmethods=2334 adapters=209
 compilation: enabled

Compilation events (10 events):
Event: 6,326 Thread 0x00007ff7bc1c1000 2384       3       com.android.dex.EncodedValueReader::readFloat (27 bytes)
Event: 6,326 Thread 0x00007ff7bc1c1000 nmethod 2384 0x00007ff7ad39a410 code [0x00007ff7ad39a580, 0x00007ff7ad39a778]
Event: 6,332 Thread 0x00007ff7bc1b6800 nmethod 2378 0x00007ff7ad3c33d0 code [0x00007ff7ad3c35c0, 0x00007ff7ad3c41b8]
Event: 6,332 Thread 0x00007ff7bc1b6800 2379       4       com.android.dx.merge.DexMerger$3::write (9 bytes)
Event: 6,333 Thread 0x00007ff7bc1bf000 nmethod 2325 0x00007ff7ad3c4bd0 code [0x00007ff7ad3c4da0, 0x00007ff7ad3c54d8]
Event: 6,333 Thread 0x00007ff7bc1bf000 2381       4       com.android.dex.Annotation::compareTo (9 bytes)
Event: 6,338 Thread 0x00007ff7bc1bf000 nmethod 2381 0x00007ff7ad399e90 code [0x00007ff7ad39a000, 0x00007ff7ad39a1f8]
Event: 6,338 Thread 0x00007ff7bc1bf000 2380       4       com.android.dex.EncodedValueReader::readArray (19 bytes)
Event: 9,782 Thread 0x00007ff7bc1b6800 nmethod 2379 0x00007ff7ad3a5650 code [0x00007ff7ad3a57e0, 0x00007ff7ad3a5ed8]
Event: 9,782 Thread 0x00007ff7bc1bf000 nmethod 2380 0x00007ff7ad3a6a50 code [0x00007ff7ad3a6c20, 0x00007ff7ad3a7498]

GC Heap History (10 events):
Event: 3,232 GC heap after
Heap after GC invocations=2 (full 0):
 PSYoungGen      total 51712K, used 3582K [0x00000000eab00000, 0x00000000ee100000, 0x0000000100000000)
  eden space 48128K, 0% used [0x00000000eab00000,0x00000000eab00000,0x00000000eda00000)
  from space 3584K, 99% used [0x00000000edd80000,0x00000000ee0ff8e8,0x00000000ee100000)
  to   space 3584K, 0% used [0x00000000eda00000,0x00000000eda00000,0x00000000edd80000)
 ParOldGen       total 62976K, used 9423K [0x00000000c0000000, 0x00000000c3d80000, 0x00000000eab00000)
  object space 62976K, 14% used [0x00000000c0000000,0x00000000c0933d68,0x00000000c3d80000)
 Metaspace       used 5573K, capacity 6836K, committed 7040K, reserved 1056768K
  class space    used 550K, capacity 616K, committed 640K, reserved 1048576K
}
Event: 4,359 GC heap before
{Heap before GC invocations=3 (full 0):
 PSYoungGen      total 51712K, used 51387K [0x00000000eab00000, 0x00000000ee100000, 0x0000000100000000)
  eden space 48128K, 99% used [0x00000000eab00000,0x00000000ed9af6a0,0x00000000eda00000)
  from space 3584K, 99% used [0x00000000edd80000,0x00000000ee0ff8e8,0x00000000ee100000)
  to   space 3584K, 0% used [0x00000000eda00000,0x00000000eda00000,0x00000000edd80000)
 ParOldGen       total 62976K, used 9423K [0x00000000c0000000, 0x00000000c3d80000, 0x00000000eab00000)
  object space 62976K, 14% used [0x00000000c0000000,0x00000000c0933d68,0x00000000c3d80000)
 Metaspace       used 7185K, capacity 7772K, committed 7936K, reserved 1056768K
  class space    used 703K, capacity 720K, committed 768K, reserved 1048576K
Event: 4,412 GC heap after
Heap after GC invocations=3 (full 0):
 PSYoungGen      total 51712K, used 3558K [0x00000000eab00000, 0x00000000f1000000, 0x0000000100000000)
  eden space 48128K, 0% used [0x00000000eab00000,0x00000000eab00000,0x00000000eda00000)
  from space 3584K, 99% used [0x00000000eda00000,0x00000000edd79910,0x00000000edd80000)
  to   space 3584K, 0% used [0x00000000f0c80000,0x00000000f0c80000,0x00000000f1000000)
 ParOldGen       total 62976K, used 15770K [0x00000000c0000000, 0x00000000c3d80000, 0x00000000eab00000)
  object space 62976K, 25% used [0x00000000c0000000,0x00000000c0f66838,0x00000000c3d80000)
 Metaspace       used 7185K, capacity 7772K, committed 7936K, reserved 1056768K
  class space    used 703K, capacity 720K, committed 768K, reserved 1048576K
}
Event: 4,661 GC heap before
{Heap before GC invocations=4 (full 0):
 PSYoungGen      total 51712K, used 51686K [0x00000000eab00000, 0x00000000f1000000, 0x0000000100000000)
  eden space 48128K, 100% used [0x00000000eab00000,0x00000000eda00000,0x00000000eda00000)
  from space 3584K, 99% used [0x00000000eda00000,0x00000000edd79910,0x00000000edd80000)
  to   space 3584K, 0% used [0x00000000f0c80000,0x00000000f0c80000,0x00000000f1000000)
 ParOldGen       total 62976K, used 15770K [0x00000000c0000000, 0x00000000c3d80000, 0x00000000eab00000)
  object space 62976K, 25% used [0x00000000c0000000,0x00000000c0f66838,0x00000000c3d80000)
 Metaspace       used 7300K, capacity 7778K, committed 7936K, reserved 1056768K
  class space    used 711K, capacity 721K, committed 768K, reserved 1048576K
Event: 4,674 GC heap after
Heap after GC invocations=4 (full 0):
 PSYoungGen      total 99840K, used 3556K [0x00000000eab00000, 0x00000000f1000000, 0x0000000100000000)
  eden space 96256K, 0% used [0x00000000eab00000,0x00000000eab00000,0x00000000f0900000)
  from space 3584K, 99% used [0x00000000f0c80000,0x00000000f0ff91e8,0x00000000f1000000)
  to   space 3584K, 0% used [0x00000000f0900000,0x00000000f0900000,0x00000000f0c80000)
 ParOldGen       total 62976K, used 18337K [0x00000000c0000000, 0x00000000c3d80000, 0x00000000eab00000)
  object space 62976K, 29% used [0x00000000c0000000,0x00000000c11e84b0,0x00000000c3d80000)
 Metaspace       used 7300K, capacity 7778K, committed 7936K, reserved 1056768K
  class space    used 711K, capacity 721K, committed 768K, reserved 1048576K
}
Event: 5,210 GC heap before
{Heap before GC invocations=5 (full 0):
 PSYoungGen      total 99840K, used 99812K [0x00000000eab00000, 0x00000000f1000000, 0x0000000100000000)
  eden space 96256K, 100% used [0x00000000eab00000,0x00000000f0900000,0x00000000f0900000)
  from space 3584K, 99% used [0x00000000f0c80000,0x00000000f0ff91e8,0x00000000f1000000)
  to   space 3584K, 0% used [0x00000000f0900000,0x00000000f0900000,0x00000000f0c80000)
 ParOldGen       total 62976K, used 18337K [0x00000000c0000000, 0x00000000c3d80000, 0x00000000eab00000)
  object space 62976K, 29% used [0x00000000c0000000,0x00000000c11e84b0,0x00000000c3d80000)
 Metaspace       used 7335K, capacity 7778K, committed 7936K, reserved 1056768K
  class space    used 711K, capacity 721K, committed 768K, reserved 1048576K
Event: 5,244 GC heap after
Heap after GC invocations=5 (full 0):
 PSYoungGen      total 99840K, used 3577K [0x00000000eab00000, 0x00000000f8a00000, 0x0000000100000000)
  eden space 96256K, 0% used [0x00000000eab00000,0x00000000eab00000,0x00000000f0900000)
  from space 3584K, 99% used [0x00000000f0900000,0x00000000f0c7e420,0x00000000f0c80000)
  to   space 17920K, 0% used [0x00000000f7880000,0x00000000f7880000,0x00000000f8a00000)
 ParOldGen       total 62976K, used 32675K [0x00000000c0000000, 0x00000000c3d80000, 0x00000000eab00000)
  object space 62976K, 51% used [0x00000000c0000000,0x00000000c1fe8e60,0x00000000c3d80000)
 Metaspace       used 7335K, capacity 7778K, committed 7936K, reserved 1056768K
  class space    used 711K, capacity 721K, committed 768K, reserved 1048576K
}
Event: 5,606 GC heap before
{Heap before GC invocations=6 (full 0):
 PSYoungGen      total 99840K, used 99833K [0x00000000eab00000, 0x00000000f8a00000, 0x0000000100000000)
  eden space 96256K, 100% used [0x00000000eab00000,0x00000000f0900000,0x00000000f0900000)
  from space 3584K, 99% used [0x00000000f0900000,0x00000000f0c7e420,0x00000000f0c80000)
  to   space 17920K, 0% used [0x00000000f7880000,0x00000000f7880000,0x00000000f8a00000)
 ParOldGen       total 62976K, used 32675K [0x00000000c0000000, 0x00000000c3d80000, 0x00000000eab00000)
  object space 62976K, 51% used [0x00000000c0000000,0x00000000c1fe8e60,0x00000000c3d80000)
 Metaspace       used 7340K, capacity 7778K, committed 7936K, reserved 1056768K
  class space    used 711K, capacity 721K, committed 768K, reserved 1048576K
Event: 5,653 GC heap after
Heap after GC invocations=6 (full 0):
 PSYoungGen      total 207360K, used 17709K [0x00000000eab00000, 0x00000000f9000000, 0x0000000100000000)
  eden space 189440K, 0% used [0x00000000eab00000,0x00000000eab00000,0x00000000f6400000)
  from space 17920K, 98% used [0x00000000f7880000,0x00000000f89cb4d8,0x00000000f8a00000)
  to   space 20992K, 0% used [0x00000000f6400000,0x00000000f6400000,0x00000000f7880000)
 ParOldGen       total 62976K, used 32683K [0x00000000c0000000, 0x00000000c3d80000, 0x00000000eab00000)
  object space 62976K, 51% used [0x00000000c0000000,0x00000000c1feae60,0x00000000c3d80000)
 Metaspace       used 7340K, capacity 7778K, committed 7936K, reserved 1056768K
  class space    used 711K, capacity 721K, committed 768K, reserved 1048576K
}
Event: 11,518 GC heap before
{Heap before GC invocations=7 (full 0):
 PSYoungGen      total 207360K, used 207149K [0x00000000eab00000, 0x00000000f9000000, 0x0000000100000000)
  eden space 189440K, 100% used [0x00000000eab00000,0x00000000f6400000,0x00000000f6400000)
  from space 17920K, 98% used [0x00000000f7880000,0x00000000f89cb4d8,0x00000000f8a00000)
  to   space 20992K, 0% used [0x00000000f6400000,0x00000000f6400000,0x00000000f7880000)
 ParOldGen       total 62976K, used 32683K [0x00000000c0000000, 0x00000000c3d80000, 0x00000000eab00000)
  object space 62976K, 51% used [0x00000000c0000000,0x00000000c1feae60,0x00000000c3d80000)
 Metaspace       used 7352K, capacity 7778K, committed 7936K, reserved 1056768K
  class space    used 711K, capacity 721K, committed 768K, reserved 1048576K

Deoptimization events (10 events):
Event: 3,996 Thread 0x00007ff7bc00d000 Uncommon trap: reason=predicate action=maybe_recompile pc=0x00007ff7ad1bfbd8 method=com.android.dex.Leb128.readUnsignedLeb128(Lcom/android/dex/util/ByteInput;)I @ 41
Event: 4,037 Thread 0x00007ff7bc00d000 Uncommon trap: reason=unstable_if action=reinterpret pc=0x00007ff7ad179a84 method=com.android.dex.Mutf8.decode(Lcom/android/dex/util/ByteInput;[C)Ljava/lang/String; @ 37
Event: 4,037 Thread 0x00007ff7bc00d000 Uncommon trap: reason=unstable_if action=reinterpret pc=0x00007ff7ad172318 method=com.android.dex.Mutf8.countBytes(Ljava/lang/String;Z)J @ 35
Event: 4,037 Thread 0x00007ff7bc00d000 Uncommon trap: reason=unstable_if action=reinterpret pc=0x00007ff7ad17885c method=com.android.dex.Mutf8.encode([BILjava/lang/String;)V @ 31
Event: 4,538 Thread 0x00007ff7bc00d000 Uncommon trap: reason=unstable_if action=reinterpret pc=0x00007ff7ad29ba30 method=java.util.HashMap$TreeNode.balanceInsertion(Ljava/util/HashMap$TreeNode;Ljava/util/HashMap$TreeNode;)Ljava/util/HashMap$TreeNode; @ 47
Event: 4,539 Thread 0x00007ff7bc00d000 Uncommon trap: reason=unstable_if action=reinterpret pc=0x00007ff7ad29de90 method=com.android.dex.EncodedValueCodec.readUnsignedInt(Lcom/android/dex/util/ByteInput;IZ)I @ 3
Event: 5,554 Thread 0x00007ff7bc00d000 Uncommon trap: reason=unstable_if action=reinterpret pc=0x00007ff7ad332228 method=java.util.HashMap$TreeNode.balanceInsertion(Ljava/util/HashMap$TreeNode;Ljava/util/HashMap$TreeNode;)Ljava/util/HashMap$TreeNode; @ 189
Event: 5,967 Thread 0x00007ff7bc00d000 Uncommon trap: reason=unstable_if action=reinterpret pc=0x00007ff7ad295d04 method=java.util.HashMap$TreeNode.balanceInsertion(Ljava/util/HashMap$TreeNode;Ljava/util/HashMap$TreeNode;)Ljava/util/HashMap$TreeNode; @ 47
Event: 6,320 Thread 0x00007ff7bc00d000 Uncommon trap: reason=unstable_if action=reinterpret pc=0x00007ff7ad3bde4c method=java.util.HashMap$TreeNode.putTreeVal(Ljava/util/HashMap;[Ljava/util/HashMap$Node;ILjava/lang/Object;Ljava/lang/Object;)Ljava/util/HashMap$TreeNode; @ 285
Event: 6,320 Thread 0x00007ff7bc00d000 Uncommon trap: reason=unstable_if action=reinterpret pc=0x00007ff7ad3b97ec method=java.util.HashMap$TreeNode.putTreeVal(Ljava/util/HashMap;[Ljava/util/HashMap$Node;ILjava/lang/Object;Ljava/lang/Object;)Ljava/util/HashMap$TreeNode; @ 243

Internal exceptions (2 events):
Event: 0,383 Thread 0x00007ff7bc00d000 Exception <a 'java/lang/NoSuchMethodError': Method sun.misc.Unsafe.defineClass(Ljava/lang/String;[BII)Ljava/lang/Class; name or signature does not match> (0x00000000eab12b98) thrown at [/HUDSON/workspace/8-2-build-linux-amd64/jdk8u60/4407/hotspot/src/shar
Event: 0,383 Thread 0x00007ff7bc00d000 Exception <a 'java/lang/NoSuchMethodError': Method sun.misc.Unsafe.prefetchRead(Ljava/lang/Object;J)V name or signature does not match> (0x00000000eab12e80) thrown at [/HUDSON/workspace/8-2-build-linux-amd64/jdk8u60/4407/hotspot/src/share/vm/prims/jni.cpp

Events (10 events):
Event: 5,967 Thread 0x00007ff7bc00d000 Uncommon trap: trap_request=0xffffff65 fr.pc=0x00007ff7ad295d04
Event: 5,967 Thread 0x00007ff7bc00d000 DEOPT PACKING pc=0x00007ff7ad295d04 sp=0x00007ff7c2dc0450
Event: 5,967 Thread 0x00007ff7bc00d000 DEOPT UNPACKING pc=0x00007ff7acbdd229 sp=0x00007ff7c2dc01e0 mode 2
Event: 6,320 Thread 0x00007ff7bc00d000 Uncommon trap: trap_request=0xffffff65 fr.pc=0x00007ff7ad3bde4c
Event: 6,320 Thread 0x00007ff7bc00d000 DEOPT PACKING pc=0x00007ff7ad3bde4c sp=0x00007ff7c2dc0450
Event: 6,320 Thread 0x00007ff7bc00d000 DEOPT UNPACKING pc=0x00007ff7acbdd229 sp=0x00007ff7c2dc02e8 mode 2
Event: 6,320 Thread 0x00007ff7bc00d000 Uncommon trap: trap_request=0xffffff65 fr.pc=0x00007ff7ad3b97ec
Event: 6,320 Thread 0x00007ff7bc00d000 DEOPT PACKING pc=0x00007ff7ad3b97ec sp=0x00007ff7c2dc03b0
Event: 6,320 Thread 0x00007ff7bc00d000 DEOPT UNPACKING pc=0x00007ff7acbdd229 sp=0x00007ff7c2dc02e0 mode 2
Event: 10,519 Executing VM operation: ParallelGCFailedAllocation


Dynamic libraries:
00400000-00401000 r-xp 00000000 08:05 1578450                            /opt/java/jdk1.8.0_60/bin/java
00600000-00601000 rw-p 00000000 08:05 1578450                            /opt/java/jdk1.8.0_60/bin/java
0220b000-0222c000 rw-p 00000000 00:00 0                                  [heap]
c0000000-c3d80000 rw-p 00000000 00:00 0 
c3d80000-eab00000 ---p 00000000 00:00 0 
eab00000-f9000000 rw-p 00000000 00:00 0 
100000000-1000c0000 rw-p 00000000 00:00 0 
1000c0000-140000000 ---p 00000000 00:00 0 
7ff770000000-7ff770021000 rw-p 00000000 00:00 0 
7ff770021000-7ff774000000 ---p 00000000 00:00 0 
7ff774000000-7ff774021000 rw-p 00000000 00:00 0 
7ff774021000-7ff778000000 ---p 00000000 00:00 0 
7ff778000000-7ff7790a2000 rw-p 00000000 00:00 0 
7ff7790a2000-7ff77c000000 ---p 00000000 00:00 0 
7ff77c000000-7ff77c79e000 rw-p 00000000 00:00 0 
7ff77c79e000-7ff780000000 ---p 00000000 00:00 0 
7ff780000000-7ff780021000 rw-p 00000000 00:00 0 
7ff780021000-7ff784000000 ---p 00000000 00:00 0 
7ff784000000-7ff7850cc000 rw-p 00000000 00:00 0 
7ff7850cc000-7ff788000000 ---p 00000000 00:00 0 
7ff788000000-7ff788021000 rw-p 00000000 00:00 0 
7ff788021000-7ff78c000000 ---p 00000000 00:00 0 
7ff78c000000-7ff78c021000 rw-p 00000000 00:00 0 
7ff78c021000-7ff790000000 ---p 00000000 00:00 0 
7ff790000000-7ff790021000 rw-p 00000000 00:00 0 
7ff790021000-7ff794000000 ---p 00000000 00:00 0 
7ff794000000-7ff79428b000 rw-p 00000000 00:00 0 
7ff79428b000-7ff798000000 ---p 00000000 00:00 0 
7ff798000000-7ff798021000 rw-p 00000000 00:00 0 
7ff798021000-7ff79c000000 ---p 00000000 00:00 0 
7ff79e9b4000-7ff79e9b5000 ---p 00000000 00:00 0 
7ff79e9b5000-7ff79eab5000 rw-p 00000000 00:00 0                          [stack:9782]
7ff79eab5000-7ff79eab8000 ---p 00000000 00:00 0 
7ff79eab8000-7ff79ebb6000 rw-p 00000000 00:00 0                          [stack:9781]
7ff79ebb6000-7ff79ebb9000 ---p 00000000 00:00 0 
7ff79ebb9000-7ff79ecb7000 rw-p 00000000 00:00 0                          [stack:9780]
7ff79ecb7000-7ff79ecba000 ---p 00000000 00:00 0 
7ff79ecba000-7ff79edb8000 rw-p 00000000 00:00 0                          [stack:9779]
7ff79edb8000-7ff79edbd000 r-xp 00000000 08:05 2893702                    /usr/lib/x86_64-linux-gnu/libXdmcp.so.6.0.0
7ff79edbd000-7ff79efbc000 ---p 00005000 08:05 2893702                    /usr/lib/x86_64-linux-gnu/libXdmcp.so.6.0.0
7ff79efbc000-7ff79efbd000 r--p 00004000 08:05 2893702                    /usr/lib/x86_64-linux-gnu/libXdmcp.so.6.0.0
7ff79efbd000-7ff79efbe000 rw-p 00005000 08:05 2893702                    /usr/lib/x86_64-linux-gnu/libXdmcp.so.6.0.0
7ff79efbe000-7ff79efc0000 r-xp 00000000 08:05 2893691                    /usr/lib/x86_64-linux-gnu/libXau.so.6.0.0
7ff79efc0000-7ff79f1c0000 ---p 00002000 08:05 2893691                    /usr/lib/x86_64-linux-gnu/libXau.so.6.0.0
7ff79f1c0000-7ff79f1c1000 r--p 00002000 08:05 2893691                    /usr/lib/x86_64-linux-gnu/libXau.so.6.0.0
7ff79f1c1000-7ff79f1c2000 rw-p 00003000 08:05 2893691                    /usr/lib/x86_64-linux-gnu/libXau.so.6.0.0
7ff79f1c2000-7ff79f1df000 r-xp 00000000 08:05 2894889                    /usr/lib/x86_64-linux-gnu/libxcb.so.1.1.0
7ff79f1df000-7ff79f3df000 ---p 0001d000 08:05 2894889                    /usr/lib/x86_64-linux-gnu/libxcb.so.1.1.0
7ff79f3df000-7ff79f3e0000 r--p 0001d000 08:05 2894889                    /usr/lib/x86_64-linux-gnu/libxcb.so.1.1.0
7ff79f3e0000-7ff79f3e1000 rw-p 0001e000 08:05 2894889                    /usr/lib/x86_64-linux-gnu/libxcb.so.1.1.0
7ff79f3e1000-7ff79f514000 r-xp 00000000 08:05 2893687                    /usr/lib/x86_64-linux-gnu/libX11.so.6.3.0
7ff79f514000-7ff79f714000 ---p 00133000 08:05 2893687                    /usr/lib/x86_64-linux-gnu/libX11.so.6.3.0
7ff79f714000-7ff79f715000 r--p 00133000 08:05 2893687                    /usr/lib/x86_64-linux-gnu/libX11.so.6.3.0
7ff79f715000-7ff79f719000 rw-p 00134000 08:05 2893687                    /usr/lib/x86_64-linux-gnu/libX11.so.6.3.0
7ff79f719000-7ff79f71a000 rw-p 00000000 00:00 0 
7ff79f71a000-7ff79f71c000 r-xp 00000000 08:05 2889118                    /usr/lib/jayatana/libjayatanaag.so
7ff79f71c000-7ff79f91b000 ---p 00002000 08:05 2889118                    /usr/lib/jayatana/libjayatanaag.so
7ff79f91b000-7ff79f91c000 r--p 00001000 08:05 2889118                    /usr/lib/jayatana/libjayatanaag.so
7ff79f91c000-7ff79f91d000 rw-p 00002000 08:05 2889118                    /usr/lib/jayatana/libjayatanaag.so
7ff79f91d000-7ff7a0000000 r--p 00000000 08:05 2892398                    /usr/lib/locale/locale-archive
7ff7a0000000-7ff7a0021000 rw-p 00000000 00:00 0 
7ff7a0021000-7ff7a4000000 ---p 00000000 00:00 0 
7ff7a4014000-7ff7a4017000 ---p 00000000 00:00 0 
7ff7a4017000-7ff7a4115000 rw-p 00000000 00:00 0                          [stack:9778]
7ff7a4115000-7ff7a4118000 ---p 00000000 00:00 0 
7ff7a4118000-7ff7a4216000 rw-p 00000000 00:00 0                          [stack:9777]
7ff7a4216000-7ff7a4219000 ---p 00000000 00:00 0 
7ff7a4219000-7ff7a4317000 rw-p 00000000 00:00 0                          [stack:9776]
7ff7a4317000-7ff7a431a000 ---p 00000000 00:00 0 
7ff7a431a000-7ff7a4418000 rw-p 00000000 00:00 0                          [stack:9775]
7ff7a4418000-7ff7a4419000 ---p 00000000 00:00 0 
7ff7a4419000-7ff7a5428000 rw-p 00000000 00:00 0                          [stack:9774]
7ff7a5428000-7ff7a5600000 r--s 03d17000 08:05 928424                     /opt/java/jdk1.8.0_60/jre/lib/rt.jar
7ff7a5600000-7ff7a5d00000 rw-p 00000000 00:00 0 
7ff7a5d00000-7ff7a5e00000 ---p 00000000 00:00 0 
7ff7a5e00000-7ff7a8000000 rw-p 00000000 00:00 0 
7ff7a8000000-7ff7a8021000 rw-p 00000000 00:00 0 
7ff7a8021000-7ff7ac000000 ---p 00000000 00:00 0 
7ff7ac047000-7ff7ac0bd000 rw-p 00000000 00:00 0 
7ff7ac0bd000-7ff7ac0be000 ---p 00000000 00:00 0 
7ff7ac0be000-7ff7ac1be000 rw-p 00000000 00:00 0                          [stack:9773]
7ff7ac1be000-7ff7ac1bf000 ---p 00000000 00:00 0 
7ff7ac1bf000-7ff7ac2bf000 rw-p 00000000 00:00 0                          [stack:9772]
7ff7ac2bf000-7ff7ac2c0000 ---p 00000000 00:00 0 
7ff7ac2c0000-7ff7ac3c0000 rw-p 00000000 00:00 0                          [stack:9771]
7ff7ac3c0000-7ff7ac3c1000 ---p 00000000 00:00 0 
7ff7ac3c1000-7ff7ac4e0000 rw-p 00000000 00:00 0                          [stack:9770]
7ff7ac4e0000-7ff7ac617000 ---p 00000000 00:00 0 
7ff7ac617000-7ff7ac636000 rw-p 00000000 00:00 0 
7ff7ac636000-7ff7ac76c000 ---p 00000000 00:00 0 
7ff7ac76c000-7ff7ac7df000 rw-p 00000000 00:00 0 
7ff7ac7df000-7ff7ac817000 ---p 00000000 00:00 0 
7ff7ac817000-7ff7ac838000 rw-p 00000000 00:00 0 
7ff7ac838000-7ff7acbd8000 ---p 00000000 00:00 0 
7ff7acbd8000-7ff7ad3d8000 rwxp 00000000 00:00 0 
7ff7ad3d8000-7ff7bbbd8000 ---p 00000000 00:00 0 
7ff7bbbd8000-7ff7bbbf2000 r-xp 00000000 08:05 928388                     /opt/java/jdk1.8.0_60/jre/lib/amd64/libzip.so
7ff7bbbf2000-7ff7bbdf2000 ---p 0001a000 08:05 928388                     /opt/java/jdk1.8.0_60/jre/lib/amd64/libzip.so
7ff7bbdf2000-7ff7bbdf3000 rw-p 0001a000 08:05 928388                     /opt/java/jdk1.8.0_60/jre/lib/amd64/libzip.so
7ff7bbdf3000-7ff7bbdff000 r-xp 00000000 08:05 2101753                    /lib/x86_64-linux-gnu/libnss_files-2.21.so
7ff7bbdff000-7ff7bbffe000 ---p 0000c000 08:05 2101753                    /lib/x86_64-linux-gnu/libnss_files-2.21.so
7ff7bbffe000-7ff7bbfff000 r--p 0000b000 08:05 2101753                    /lib/x86_64-linux-gnu/libnss_files-2.21.so
7ff7bbfff000-7ff7bc000000 rw-p 0000c000 08:05 2101753                    /lib/x86_64-linux-gnu/libnss_files-2.21.so
7ff7bc000000-7ff7bc4b0000 rw-p 00000000 00:00 0 
7ff7bc4b0000-7ff7c0000000 ---p 00000000 00:00 0 
7ff7c0060000-7ff7c006b000 r-xp 00000000 08:05 2101763                    /lib/x86_64-linux-gnu/libnss_nis-2.21.so
7ff7c006b000-7ff7c026a000 ---p 0000b000 08:05 2101763                    /lib/x86_64-linux-gnu/libnss_nis-2.21.so
7ff7c026a000-7ff7c026b000 r--p 0000a000 08:05 2101763                    /lib/x86_64-linux-gnu/libnss_nis-2.21.so
7ff7c026b000-7ff7c026c000 rw-p 0000b000 08:05 2101763                    /lib/x86_64-linux-gnu/libnss_nis-2.21.so
7ff7c026c000-7ff7c0283000 r-xp 00000000 08:05 2101747                    /lib/x86_64-linux-gnu/libnsl-2.21.so
7ff7c0283000-7ff7c0482000 ---p 00017000 08:05 2101747                    /lib/x86_64-linux-gnu/libnsl-2.21.so
7ff7c0482000-7ff7c0483000 r--p 00016000 08:05 2101747                    /lib/x86_64-linux-gnu/libnsl-2.21.so
7ff7c0483000-7ff7c0484000 rw-p 00017000 08:05 2101747                    /lib/x86_64-linux-gnu/libnsl-2.21.so
7ff7c0484000-7ff7c0486000 rw-p 00000000 00:00 0 
7ff7c0486000-7ff7c048e000 r-xp 00000000 08:05 2101749                    /lib/x86_64-linux-gnu/libnss_compat-2.21.so
7ff7c048e000-7ff7c068d000 ---p 00008000 08:05 2101749                    /lib/x86_64-linux-gnu/libnss_compat-2.21.so
7ff7c068d000-7ff7c068e000 r--p 00007000 08:05 2101749                    /lib/x86_64-linux-gnu/libnss_compat-2.21.so
7ff7c068e000-7ff7c068f000 rw-p 00008000 08:05 2101749                    /lib/x86_64-linux-gnu/libnss_compat-2.21.so
7ff7c068f000-7ff7c0699000 r-xp 00000000 08:05 928395                     /opt/java/jdk1.8.0_60/jre/lib/amd64/libinstrument.so
7ff7c0699000-7ff7c0898000 ---p 0000a000 08:05 928395                     /opt/java/jdk1.8.0_60/jre/lib/amd64/libinstrument.so
7ff7c0898000-7ff7c0899000 rw-p 00009000 08:05 928395                     /opt/java/jdk1.8.0_60/jre/lib/amd64/libinstrument.so
7ff7c0899000-7ff7c08c3000 r-xp 00000000 08:05 928366                     /opt/java/jdk1.8.0_60/jre/lib/amd64/libjava.so
7ff7c08c3000-7ff7c0ac3000 ---p 0002a000 08:05 928366                     /opt/java/jdk1.8.0_60/jre/lib/amd64/libjava.so
7ff7c0ac3000-7ff7c0ac5000 rw-p 0002a000 08:05 928366                     /opt/java/jdk1.8.0_60/jre/lib/amd64/libjava.so
7ff7c0ac5000-7ff7c0ad2000 r-xp 00000000 08:05 928382                     /opt/java/jdk1.8.0_60/jre/lib/amd64/libverify.so
7ff7c0ad2000-7ff7c0cd2000 ---p 0000d000 08:05 928382                     /opt/java/jdk1.8.0_60/jre/lib/amd64/libverify.so
7ff7c0cd2000-7ff7c0cd4000 rw-p 0000d000 08:05 928382                     /opt/java/jdk1.8.0_60/jre/lib/amd64/libverify.so
7ff7c0cd4000-7ff7c0cdb000 r-xp 00000000 08:05 2101808                    /lib/x86_64-linux-gnu/librt-2.21.so
7ff7c0cdb000-7ff7c0eda000 ---p 00007000 08:05 2101808                    /lib/x86_64-linux-gnu/librt-2.21.so
7ff7c0eda000-7ff7c0edb000 r--p 00006000 08:05 2101808                    /lib/x86_64-linux-gnu/librt-2.21.so
7ff7c0edb000-7ff7c0edc000 rw-p 00007000 08:05 2101808                    /lib/x86_64-linux-gnu/librt-2.21.so
7ff7c0edc000-7ff7c0fe3000 r-xp 00000000 08:05 2101726                    /lib/x86_64-linux-gnu/libm-2.21.so
7ff7c0fe3000-7ff7c11e2000 ---p 00107000 08:05 2101726                    /lib/x86_64-linux-gnu/libm-2.21.so
7ff7c11e2000-7ff7c11e3000 r--p 00106000 08:05 2101726                    /lib/x86_64-linux-gnu/libm-2.21.so
7ff7c11e3000-7ff7c11e4000 rw-p 00107000 08:05 2101726                    /lib/x86_64-linux-gnu/libm-2.21.so
7ff7c11e4000-7ff7c1ea2000 r-xp 00000000 08:05 1192338                    /opt/java/jdk1.8.0_60/jre/lib/amd64/server/libjvm.so
7ff7c1ea2000-7ff7c20a1000 ---p 00cbe000 08:05 1192338                    /opt/java/jdk1.8.0_60/jre/lib/amd64/server/libjvm.so
7ff7c20a1000-7ff7c2179000 rw-p 00cbd000 08:05 1192338                    /opt/java/jdk1.8.0_60/jre/lib/amd64/server/libjvm.so
7ff7c2179000-7ff7c21be000 rw-p 00000000 00:00 0 
7ff7c21be000-7ff7c237e000 r-xp 00000000 08:05 2101667                    /lib/x86_64-linux-gnu/libc-2.21.so
7ff7c237e000-7ff7c257e000 ---p 001c0000 08:05 2101667                    /lib/x86_64-linux-gnu/libc-2.21.so
7ff7c257e000-7ff7c2582000 r--p 001c0000 08:05 2101667                    /lib/x86_64-linux-gnu/libc-2.21.so
7ff7c2582000-7ff7c2584000 rw-p 001c4000 08:05 2101667                    /lib/x86_64-linux-gnu/libc-2.21.so
7ff7c2584000-7ff7c2588000 rw-p 00000000 00:00 0 
7ff7c2588000-7ff7c258b000 r-xp 00000000 08:05 2101684                    /lib/x86_64-linux-gnu/libdl-2.21.so
7ff7c258b000-7ff7c278a000 ---p 00003000 08:05 2101684                    /lib/x86_64-linux-gnu/libdl-2.21.so
7ff7c278a000-7ff7c278b000 r--p 00002000 08:05 2101684                    /lib/x86_64-linux-gnu/libdl-2.21.so
7ff7c278b000-7ff7c278c000 rw-p 00003000 08:05 2101684                    /lib/x86_64-linux-gnu/libdl-2.21.so
7ff7c278c000-7ff7c27a1000 r-xp 00000000 08:05 403214                     /opt/java/jdk1.8.0_60/lib/amd64/jli/libjli.so
7ff7c27a1000-7ff7c29a1000 ---p 00015000 08:05 403214                     /opt/java/jdk1.8.0_60/lib/amd64/jli/libjli.so
7ff7c29a1000-7ff7c29a2000 rw-p 00015000 08:05 403214                     /opt/java/jdk1.8.0_60/lib/amd64/jli/libjli.so
7ff7c29a2000-7ff7c29ba000 r-xp 00000000 08:05 2101800                    /lib/x86_64-linux-gnu/libpthread-2.21.so
7ff7c29ba000-7ff7c2bba000 ---p 00018000 08:05 2101800                    /lib/x86_64-linux-gnu/libpthread-2.21.so
7ff7c2bba000-7ff7c2bbb000 r--p 00018000 08:05 2101800                    /lib/x86_64-linux-gnu/libpthread-2.21.so
7ff7c2bbb000-7ff7c2bbc000 rw-p 00019000 08:05 2101800                    /lib/x86_64-linux-gnu/libpthread-2.21.so
7ff7c2bbc000-7ff7c2bc0000 rw-p 00000000 00:00 0 
7ff7c2bc0000-7ff7c2be4000 r-xp 00000000 08:05 2101639                    /lib/x86_64-linux-gnu/ld-2.21.so
7ff7c2bff000-7ff7c2c03000 r--s 00095000 08:05 928427                     /opt/java/jdk1.8.0_60/jre/lib/jsse.jar
7ff7c2c03000-7ff7c2cc1000 rw-p 00000000 00:00 0 
7ff7c2cc1000-7ff7c2cc4000 ---p 00000000 00:00 0 
7ff7c2cc4000-7ff7c2dc7000 rw-p 00000000 00:00 0                          [stack:9769]
7ff7c2dc7000-7ff7c2dc8000 r--s 00000000 08:05 143450                     /usr/share/java/jayatanaag.jar
7ff7c2dc8000-7ff7c2dd7000 r--s 000dd000 08:03 140183                     /Backup/Android/sdk/build-tools/22.0.1/lib/dx.jar
7ff7c2dd7000-7ff7c2ddf000 rw-s 00000000 08:05 2752669                    /tmp/hsperfdata_rafaeltonholo/9764
7ff7c2ddf000-7ff7c2de0000 rw-p 00000000 00:00 0 
7ff7c2de0000-7ff7c2de1000 ---p 00000000 00:00 0 
7ff7c2de1000-7ff7c2de3000 rw-p 00000000 00:00 0 
7ff7c2de3000-7ff7c2de4000 r--p 00023000 08:05 2101639                    /lib/x86_64-linux-gnu/ld-2.21.so
7ff7c2de4000-7ff7c2de5000 rw-p 00024000 08:05 2101639                    /lib/x86_64-linux-gnu/ld-2.21.so
7ff7c2de5000-7ff7c2de6000 rw-p 00000000 00:00 0 
7ffeeb280000-7ffeeb2a2000 rw-p 00000000 00:00 0                          [stack]
7ffeeb33d000-7ffeeb33f000 r--p 00000000 00:00 0                          [vvar]
7ffeeb33f000-7ffeeb341000 r-xp 00000000 00:00 0                          [vdso]
ffffffffff600000-ffffffffff601000 r-xp 00000000 00:00 0                  [vsyscall]

VM Arguments:
jvm_args: -javaagent:/usr/share/java/jayatanaag.jar -Xmx1024M -Dfile.encoding=UTF-8 -Duser.country=US -Duser.language=en -Duser.variant 
java_command: com.android.dx.command.Main --dex --output /home/rafaeltonholo/Projects/GitHub/intro-gradle/trabalho-final/app/build/intermediates/dex/free/debug /home/rafaeltonholo/Projects/GitHub/intro-gradle/trabalho-final/app/build/intermediates/classes/free/debug /home/rafaeltonholo/Projects/GitHub/intro-gradle/trabalho-final/app/build/intermediates/pre-dexed/free/debug/classes-4bfab7684e76d1dea6787408bbf45ea1b6e39e87.jar /home/rafaeltonholo/Projects/GitHub/intro-gradle/trabalho-final/app/build/intermediates/pre-dexed/free/debug/support-annotations-22.2.0-d28e0a14415f7b0f39be81bc36825e8398b4fc3d.jar /home/rafaeltonholo/Projects/GitHub/intro-gradle/trabalho-final/app/build/intermediates/pre-dexed/free/debug/citationjavalib-bf8d17393ebf2e2001e4e16e2bcbc48f7acb1139.jar /home/rafaeltonholo/Projects/GitHub/intro-gradle/trabalho-final/app/build/intermediates/pre-dexed/free/debug/classes-488256780f8c66d82cb03306c9dbe578a4cdcd1e.jar /home/rafaeltonholo/Projects/GitHub/intro-gradle/trabalho-final/app/build/intermediates/pre-dexed/free/debug/classes-bfb3aa41b7cfb899a5786c6c2c60b99a48a666ce.jar /home/rafaeltonholo/Projects/GitHub/intro-gradle/trabalho-final/app/build/intermediates/pre-dexed/free/debug/internal_impl-22.2.0-32df37a7aebfea560a4cde39bfaae8848f3b921e.jar /home/rafaeltonholo/Projects/GitHub/intro-gradle/trabalho-final/app/build/intermediates/pre-dexed/free/debug/classes-767e26093123167d55e32e29418a76f5a837afd5.jar /home/rafaeltonholo/Projects/GitHub/intro-gradle/trabalho-final/app/build/intermediates/pre-dexed/free/debug/classes-483fcd99c3d104d643ccfb8f9d6ffb335447ae08.jar /home/rafaeltonholo/Projects/GitHub/intro-gradle/trabalho-final/app/build/intermediates/pre-dexed/free/debug/classes-63ca15204a7d25905d1b16e186918f953effb3f4.jar /home/rafaeltonholo/Projects/GitHub/intro-gradle/trabalho-final/app/build/intermediates/pre-dexed/free/debug/classes-11e94ab538971e76c72c92a3248cb90aecc6c01e.jar /home/rafaeltonholo/Projects/GitHub/intro-gradle/trabalho-final/app/bui
java_class_path (initial): /Backup/Android/sdk/build-tools/22.0.1/lib/dx.jar:/usr/share/java/jayatanaag.jar
Launcher Type: SUN_STANDARD

Environment Variables:
JAVA_HOME=/opt/java/jdk1.8.0_60
JAVA_TOOL_OPTIONS=-javaagent:/usr/share/java/jayatanaag.jar 
PATH=/usr/local/sbin:/usr/local/bin:/usr/sbin:/usr/bin:/sbin:/bin:/usr/games:/usr/local/games:/opt/java/jdk1.8.0_60/bin
LD_LIBRARY_PATH=/opt/android-studio/bin:
SHELL=/bin/bash
DISPLAY=:0

Signal Handlers:
SIGSEGV: [libjvm.so+0xaba070], sa_mask[0]=11111111011111111101111111111110, sa_flags=SA_RESTART|SA_SIGINFO
SIGBUS: [libjvm.so+0xaba070], sa_mask[0]=11111111011111111101111111111110, sa_flags=SA_RESTART|SA_SIGINFO
SIGFPE: [libjvm.so+0x917630], sa_mask[0]=11111111011111111101111111111110, sa_flags=SA_RESTART|SA_SIGINFO
SIGPIPE: [libjvm.so+0x917630], sa_mask[0]=11111111011111111101111111111110, sa_flags=SA_RESTART|SA_SIGINFO
SIGXFSZ: [libjvm.so+0x917630], sa_mask[0]=11111111011111111101111111111110, sa_flags=SA_RESTART|SA_SIGINFO
SIGILL: [libjvm.so+0x917630], sa_mask[0]=11111111011111111101111111111110, sa_flags=SA_RESTART|SA_SIGINFO
SIGUSR1: SIG_DFL, sa_mask[0]=00000000000000000000000000000000, sa_flags=none
SIGUSR2: [libjvm.so+0x918c60], sa_mask[0]=00100000000000000000000000000000, sa_flags=SA_RESTART|SA_SIGINFO
SIGHUP: [libjvm.so+0x91a060], sa_mask[0]=11111111011111111101111111111110, sa_flags=SA_RESTART|SA_SIGINFO
SIGINT: [libjvm.so+0x91a060], sa_mask[0]=11111111011111111101111111111110, sa_flags=SA_RESTART|SA_SIGINFO
SIGTERM: [libjvm.so+0x91a060], sa_mask[0]=11111111011111111101111111111110, sa_flags=SA_RESTART|SA_SIGINFO
SIGQUIT: [libjvm.so+0x91a060], sa_mask[0]=11111111011111111101111111111110, sa_flags=SA_RESTART|SA_SIGINFO


---------------  S Y S T E M  ---------------

OS:DISTRIB_ID=Ubuntu
DISTRIB_RELEASE=15.04
DISTRIB_CODENAME=vivid
DISTRIB_DESCRIPTION="Ubuntu 15.04"

uname:Linux 3.19.0-26-generic #28-Ubuntu SMP Tue Aug 11 14:16:32 UTC 2015 x86_64
libc:glibc 2.21 NPTL 2.21 
rlimit: STACK 8192k, CORE 0k, NPROC 23325, NOFILE 65536, AS infinity
load average:25,39 8,26 4,35

/proc/meminfo:
MemTotal:        6002444 kB
MemFree:          112052 kB
MemAvailable:      67540 kB
Buffers:             580 kB
Cached:           534132 kB
SwapCached:         1504 kB
Active:          4483392 kB
Inactive:        1197128 kB
Active(anon):    4479012 kB
Inactive(anon):  1176248 kB
Active(file):       4380 kB
Inactive(file):    20880 kB
Unevictable:          32 kB
Mlocked:              32 kB
SwapTotal:       1999356 kB
SwapFree:              0 kB
Dirty:                36 kB
Writeback:             0 kB
AnonPages:       5144828 kB
Mapped:           147444 kB
Shmem:            509020 kB
Slab:             104520 kB
SReclaimable:      54652 kB
SUnreclaim:        49868 kB
KernelStack:       13184 kB
PageTables:        43952 kB
NFS_Unstable:          0 kB
Bounce:                0 kB
WritebackTmp:          0 kB
CommitLimit:     5000576 kB
Committed_AS:   13967648 kB
VmallocTotal:   34359738367 kB
VmallocUsed:      362920 kB
VmallocChunk:   34359362000 kB
HardwareCorrupted:     0 kB
AnonHugePages:   1064960 kB
CmaTotal:              0 kB
CmaFree:               0 kB
HugePages_Total:       0
HugePages_Free:        0
HugePages_Rsvd:        0
HugePages_Surp:        0
Hugepagesize:       2048 kB
DirectMap4k:      221756 kB
DirectMap2M:     5961728 kB


CPU:total 4 (2 cores per cpu, 2 threads per core) family 6 model 42 stepping 7, cmov, cx8, fxsr, mmx, sse, sse2, sse3, ssse3, sse4.1, sse4.2, popcnt, avx, aes, clmul, ht, tsc, tscinvbit

/proc/cpuinfo:
processor	: 0
vendor_id	: GenuineIntel
cpu family	: 6
model		: 42
model name	: Intel(R) Core(TM) i5-2430M CPU @ 2.40GHz
stepping	: 7
microcode	: 0x29
cpu MHz		: 799.968
cache size	: 3072 KB
physical id	: 0
siblings	: 4
core id		: 0
cpu cores	: 2
apicid		: 0
initial apicid	: 0
fpu		: yes
fpu_exception	: yes
cpuid level	: 13
wp		: yes
flags		: fpu vme de pse tsc msr pae mce cx8 apic sep mtrr pge mca cmov pat pse36 clflush dts acpi mmx fxsr sse sse2 ss ht tm pbe syscall nx rdtscp lm constant_tsc arch_perfmon pebs bts nopl xtopology nonstop_tsc aperfmperf eagerfpu pni pclmulqdq dtes64 monitor ds_cpl vmx est tm2 ssse3 cx16 xtpr pdcm pcid sse4_1 sse4_2 x2apic popcnt tsc_deadline_timer aes xsave avx lahf_lm ida arat epb pln pts dtherm tpr_shadow vnmi flexpriority ept vpid xsaveopt
bugs		:
bogomips	: 4789.47
clflush size	: 64
cache_alignment	: 64
address sizes	: 36 bits physical, 48 bits virtual
power management:

processor	: 1
vendor_id	: GenuineIntel
cpu family	: 6
model		: 42
model name	: Intel(R) Core(TM) i5-2430M CPU @ 2.40GHz
stepping	: 7
microcode	: 0x29
cpu MHz		: 807.093
cache size	: 3072 KB
physical id	: 0
siblings	: 4
core id		: 0
cpu cores	: 2
apicid		: 1
initial apicid	: 1
fpu		: yes
fpu_exception	: yes
cpuid level	: 13
wp		: yes
flags		: fpu vme de pse tsc msr pae mce cx8 apic sep mtrr pge mca cmov pat pse36 clflush dts acpi mmx fxsr sse sse2 ss ht tm pbe syscall nx rdtscp lm constant_tsc arch_perfmon pebs bts nopl xtopology nonstop_tsc aperfmperf eagerfpu pni pclmulqdq dtes64 monitor ds_cpl vmx est tm2 ssse3 cx16 xtpr pdcm pcid sse4_1 sse4_2 x2apic popcnt tsc_deadline_timer aes xsave avx lahf_lm ida arat epb pln pts dtherm tpr_shadow vnmi flexpriority ept vpid xsaveopt
bugs		:
bogomips	: 4789.47
clflush size	: 64
cache_alignment	: 64
address sizes	: 36 bits physical, 48 bits virtual
power management:

processor	: 2
vendor_id	: GenuineIntel
cpu family	: 6
model		: 42
model name	: Intel(R) Core(TM) i5-2430M CPU @ 2.40GHz
stepping	: 7
microcode	: 0x29
cpu MHz		: 800.156
cache size	: 3072 KB
physical id	: 0
siblings	: 4
core id		: 1
cpu cores	: 2
apicid		: 2
initial apicid	: 2
fpu		: yes
fpu_exception	: yes
cpuid level	: 13
wp		: yes
flags		: fpu vme de pse tsc msr pae mce cx8 apic sep mtrr pge mca cmov pat pse36 clflush dts acpi mmx fxsr sse sse2 ss ht tm pbe syscall nx rdtscp lm constant_tsc arch_perfmon pebs bts nopl xtopology nonstop_tsc aperfmperf eagerfpu pni pclmulqdq dtes64 monitor ds_cpl vmx est tm2 ssse3 cx16 xtpr pdcm pcid sse4_1 sse4_2 x2apic popcnt tsc_deadline_timer aes xsave avx lahf_lm ida arat epb pln pts dtherm tpr_shadow vnmi flexpriority ept vpid xsaveopt
bugs		:
bogomips	: 4789.47
clflush size	: 64
cache_alignment	: 64
address sizes	: 36 bits physical, 48 bits virtual
power management:

processor	: 3
vendor_id	: GenuineIntel
cpu family	: 6
model		: 42
model name	: Intel(R) Core(TM) i5-2430M CPU @ 2.40GHz
stepping	: 7
microcode	: 0x29
cpu MHz		: 815.343
cache size	: 3072 KB
physical id	: 0
siblings	: 4
core id		: 1
cpu cores	: 2
apicid		: 3
initial apicid	: 3
fpu		: yes
fpu_exception	: yes
cpuid level	: 13
wp		: yes
flags		: fpu vme de pse tsc msr pae mce cx8 apic sep mtrr pge mca cmov pat pse36 clflush dts acpi mmx fxsr sse sse2 ss ht tm pbe syscall nx rdtscp lm constant_tsc arch_perfmon pebs bts nopl xtopology nonstop_tsc aperfmperf eagerfpu pni pclmulqdq dtes64 monitor ds_cpl vmx est tm2 ssse3 cx16 xtpr pdcm pcid sse4_1 sse4_2 x2apic popcnt tsc_deadline_timer aes xsave avx lahf_lm ida arat epb pln pts dtherm tpr_shadow vnmi flexpriority ept vpid xsaveopt
bugs		:
bogomips	: 4789.47
clflush size	: 64
cache_alignment	: 64
address sizes	: 36 bits physical, 48 bits virtual
power management:



Memory: 4k page, physical 6002444k(121972k free), swap 1999356k(0k free)

vm_info: Java HotSpot(TM) 64-Bit Server VM (25.60-b23) for linux-amd64 JRE (1.8.0_60-b27), built on Aug  4 2015 12:19:40 by "java_re" with gcc 4.3.0 20080428 (Red Hat 4.3.0-8)

time: Mon Sep  7 11:32:54 2015
elapsed time: 66 seconds (0d 0h 1m 6s)

